[debug] [2024-11-14T00:51:28.395Z] ----------------------------------------------------------------------
[debug] [2024-11-14T00:51:28.398Z] Command:       C:\Program Files\nodejs\node.exe C:\Users\NAMAN VIJAY\AppData\Roaming\npm\node_modules\firebase-tools\lib\bin\firebase.js deploy
[debug] [2024-11-14T00:51:28.399Z] CLI Version:   13.25.0
[debug] [2024-11-14T00:51:28.399Z] Platform:      win32
[debug] [2024-11-14T00:51:28.399Z] Node Version:  v22.11.0
[debug] [2024-11-14T00:51:28.400Z] Time:          Thu Nov 14 2024 06:21:28 GMT+0530 (India Standard Time)
[debug] [2024-11-14T00:51:28.400Z] ----------------------------------------------------------------------
[debug] 
[debug] [2024-11-14T00:51:28.564Z] > command requires scopes: ["email","openid","https://www.googleapis.com/auth/cloudplatformprojects.readonly","https://www.googleapis.com/auth/firebase","https://www.googleapis.com/auth/cloud-platform"]
[debug] [2024-11-14T00:51:28.565Z] > authorizing via signed-in user (namanvj23@gmail.com)
[debug] [2024-11-14T00:51:28.565Z] [iam] checking project naman-portfolio for permissions ["firebase.projects.get","firebasehosting.sites.update"]
[debug] [2024-11-14T00:51:28.568Z] Checked if tokens are valid: false, expires at: 1669795753695
[debug] [2024-11-14T00:51:28.568Z] Checked if tokens are valid: false, expires at: 1669795753695
[debug] [2024-11-14T00:51:28.569Z] > refreshing access token with scopes: []
[debug] [2024-11-14T00:51:28.573Z] >>> [apiv2][query] POST https://www.googleapis.com/oauth2/v3/token [none]
[debug] [2024-11-14T00:51:28.574Z] >>> [apiv2][body] POST https://www.googleapis.com/oauth2/v3/token [omitted]
[debug] [2024-11-14T00:51:28.965Z] <<< [apiv2][status] POST https://www.googleapis.com/oauth2/v3/token 400
[debug] [2024-11-14T00:51:28.966Z] <<< [apiv2][body] POST https://www.googleapis.com/oauth2/v3/token [omitted]
[debug] [2024-11-14T00:51:28.966Z] >>> [apiv2][query] POST https://cloudresourcemanager.googleapis.com/v1/projects/naman-portfolio:testIamPermissions [none]
[debug] [2024-11-14T00:51:28.966Z] >>> [apiv2][(partial)header] POST https://cloudresourcemanager.googleapis.com/v1/projects/naman-portfolio:testIamPermissions x-goog-quota-user=projects/naman-portfolio
[debug] [2024-11-14T00:51:28.967Z] >>> [apiv2][body] POST https://cloudresourcemanager.googleapis.com/v1/projects/naman-portfolio:testIamPermissions {"permissions":["firebase.projects.get","firebasehosting.sites.update"]}
[debug] [2024-11-14T00:51:30.533Z] <<< [apiv2][status] POST https://cloudresourcemanager.googleapis.com/v1/projects/naman-portfolio:testIamPermissions 401
[debug] [2024-11-14T00:51:30.534Z] <<< [apiv2][body] POST https://cloudresourcemanager.googleapis.com/v1/projects/naman-portfolio:testIamPermissions {"error":{"code":401,"message":"Request had invalid authentication credentials. Expected OAuth 2 access token, login cookie or other valid authentication credential. See https://developers.google.com/identity/sign-in/web/devconsole-project.","status":"UNAUTHENTICATED","details":[{"@type":"type.googleapis.com/google.rpc.ErrorInfo","reason":"ACCESS_TOKEN_TYPE_UNSUPPORTED","metadata":{"method":"google.cloudresourcemanager.v1.Projects.TestIamPermissions","service":"cloudresourcemanager.googleapis.com"}}]}}
[debug] [2024-11-14T00:51:30.534Z] Got a 401 Unauthenticated error for a call that required authentication. Refreshing tokens.
[debug] [2024-11-14T00:51:30.535Z] Checked if tokens are valid: false, expires at: 1669795753695
[debug] [2024-11-14T00:51:30.535Z] Checked if tokens are valid: false, expires at: 1669795753695
[debug] [2024-11-14T00:51:30.535Z] > refreshing access token with scopes: []
[debug] [2024-11-14T00:51:30.536Z] >>> [apiv2][query] POST https://www.googleapis.com/oauth2/v3/token [none]
[debug] [2024-11-14T00:51:30.537Z] >>> [apiv2][body] POST https://www.googleapis.com/oauth2/v3/token [omitted]
[debug] [2024-11-14T00:51:30.648Z] <<< [apiv2][status] POST https://www.googleapis.com/oauth2/v3/token 400
[debug] [2024-11-14T00:51:30.648Z] <<< [apiv2][body] POST https://www.googleapis.com/oauth2/v3/token [omitted]
[debug] [2024-11-14T00:51:30.651Z] [iam] error while checking permissions, command may fail: FirebaseError: Request to https://cloudresourcemanager.googleapis.com/v1/projects/naman-portfolio:testIamPermissions had HTTP Error: 401, Request had invalid authentication credentials. Expected OAuth 2 access token, login cookie or other valid authentication credential. See https://developers.google.com/identity/sign-in/web/devconsole-project.
[debug] [2024-11-14T00:51:30.653Z] Checked if tokens are valid: false, expires at: 1669795753695
[debug] [2024-11-14T00:51:30.653Z] Checked if tokens are valid: false, expires at: 1669795753695
[debug] [2024-11-14T00:51:30.653Z] > refreshing access token with scopes: []
[debug] [2024-11-14T00:51:30.654Z] >>> [apiv2][query] POST https://www.googleapis.com/oauth2/v3/token [none]
[debug] [2024-11-14T00:51:30.654Z] >>> [apiv2][body] POST https://www.googleapis.com/oauth2/v3/token [omitted]
[debug] [2024-11-14T00:51:30.834Z] <<< [apiv2][status] POST https://www.googleapis.com/oauth2/v3/token 400
[debug] [2024-11-14T00:51:30.834Z] <<< [apiv2][body] POST https://www.googleapis.com/oauth2/v3/token [omitted]
[debug] [2024-11-14T00:51:30.835Z] >>> [apiv2][query] GET https://firebase.googleapis.com/v1beta1/projects/naman-portfolio [none]
[debug] [2024-11-14T00:51:31.451Z] <<< [apiv2][status] GET https://firebase.googleapis.com/v1beta1/projects/naman-portfolio 401
[debug] [2024-11-14T00:51:31.452Z] <<< [apiv2][body] GET https://firebase.googleapis.com/v1beta1/projects/naman-portfolio {"error":{"code":401,"message":"Request had invalid authentication credentials. Expected OAuth 2 access token, login cookie or other valid authentication credential. See https://developers.google.com/identity/sign-in/web/devconsole-project.","status":"UNAUTHENTICATED"}}
[debug] [2024-11-14T00:51:31.452Z] Got a 401 Unauthenticated error for a call that required authentication. Refreshing tokens.
[debug] [2024-11-14T00:51:31.452Z] Checked if tokens are valid: false, expires at: 1669795753695
[debug] [2024-11-14T00:51:31.452Z] Checked if tokens are valid: false, expires at: 1669795753695
[debug] [2024-11-14T00:51:31.452Z] > refreshing access token with scopes: []
[debug] [2024-11-14T00:51:31.452Z] >>> [apiv2][query] POST https://www.googleapis.com/oauth2/v3/token [none]
[debug] [2024-11-14T00:51:31.453Z] >>> [apiv2][body] POST https://www.googleapis.com/oauth2/v3/token [omitted]
[debug] [2024-11-14T00:51:31.536Z] <<< [apiv2][status] POST https://www.googleapis.com/oauth2/v3/token 400
[debug] [2024-11-14T00:51:31.536Z] <<< [apiv2][body] POST https://www.googleapis.com/oauth2/v3/token [omitted]
[debug] [2024-11-14T00:51:31.537Z] Request to https://firebase.googleapis.com/v1beta1/projects/naman-portfolio had HTTP Error: 401, Request had invalid authentication credentials. Expected OAuth 2 access token, login cookie or other valid authentication credential. See https://developers.google.com/identity/sign-in/web/devconsole-project.
[error] 
[error] Error: Assertion failed: resolving hosting target of a site with no site name or target name. This should have caused an error earlier
[debug] [2024-11-14T00:51:44.958Z] ----------------------------------------------------------------------
[debug] [2024-11-14T00:51:44.967Z] Command:       C:\Program Files\nodejs\node.exe C:\Users\NAMAN VIJAY\AppData\Roaming\npm\node_modules\firebase-tools\lib\bin\firebase.js init
[debug] [2024-11-14T00:51:44.968Z] CLI Version:   13.25.0
[debug] [2024-11-14T00:51:44.969Z] Platform:      win32
[debug] [2024-11-14T00:51:44.969Z] Node Version:  v22.11.0
[debug] [2024-11-14T00:51:44.970Z] Time:          Thu Nov 14 2024 06:21:44 GMT+0530 (India Standard Time)
[debug] [2024-11-14T00:51:44.970Z] ----------------------------------------------------------------------
[debug] 
[debug] [2024-11-14T00:51:45.159Z] > command requires scopes: ["email","openid","https://www.googleapis.com/auth/cloudplatformprojects.readonly","https://www.googleapis.com/auth/firebase","https://www.googleapis.com/auth/cloud-platform"]
[debug] [2024-11-14T00:51:45.160Z] > authorizing via signed-in user (namanvj23@gmail.com)
[info] 
     ######## #### ########  ######## ########     ###     ######  ########
     ##        ##  ##     ## ##       ##     ##  ##   ##  ##       ##
     ######    ##  ########  ######   ########  #########  ######  ######
     ##        ##  ##    ##  ##       ##     ## ##     ##       ## ##
     ##       #### ##     ## ######## ########  ##     ##  ######  ########

You're about to initialize a Firebase project in this directory:

  D:\Documents\web dev\Portfolio

Before we get started, keep in mind:

  * You are initializing within an existing Firebase project directory

[info] 
=== Project Setup
[info] 
[info] First, let's associate this project directory with a Firebase project.
[info] You can create multiple project aliases by running firebase use --add, 
[info] but for now we'll just set up a default project.
[info] 
[debug] [2024-11-14T00:52:08.177Z] Using project from CLI flag: naman-portfolio
[debug] [2024-11-14T00:52:08.178Z] Checked if tokens are valid: false, expires at: 1669795753695
[debug] [2024-11-14T00:52:08.178Z] Checked if tokens are valid: false, expires at: 1669795753695
[debug] [2024-11-14T00:52:08.179Z] > refreshing access token with scopes: []
[debug] [2024-11-14T00:52:08.181Z] >>> [apiv2][query] POST https://www.googleapis.com/oauth2/v3/token [none]
[debug] [2024-11-14T00:52:08.181Z] >>> [apiv2][body] POST https://www.googleapis.com/oauth2/v3/token [omitted]
[debug] [2024-11-14T00:52:08.477Z] <<< [apiv2][status] POST https://www.googleapis.com/oauth2/v3/token 400
[debug] [2024-11-14T00:52:08.477Z] <<< [apiv2][body] POST https://www.googleapis.com/oauth2/v3/token [omitted]
[debug] [2024-11-14T00:52:08.478Z] >>> [apiv2][query] GET https://firebase.googleapis.com/v1beta1/projects/naman-portfolio [none]
[debug] [2024-11-14T00:52:08.726Z] <<< [apiv2][status] GET https://firebase.googleapis.com/v1beta1/projects/naman-portfolio 401
[debug] [2024-11-14T00:52:08.726Z] <<< [apiv2][body] GET https://firebase.googleapis.com/v1beta1/projects/naman-portfolio {"error":{"code":401,"message":"Request had invalid authentication credentials. Expected OAuth 2 access token, login cookie or other valid authentication credential. See https://developers.google.com/identity/sign-in/web/devconsole-project.","status":"UNAUTHENTICATED"}}
[debug] [2024-11-14T00:52:08.727Z] Got a 401 Unauthenticated error for a call that required authentication. Refreshing tokens.
[debug] [2024-11-14T00:52:08.727Z] Checked if tokens are valid: false, expires at: 1669795753695
[debug] [2024-11-14T00:52:08.727Z] Checked if tokens are valid: false, expires at: 1669795753695
[debug] [2024-11-14T00:52:08.727Z] > refreshing access token with scopes: []
[debug] [2024-11-14T00:52:08.729Z] >>> [apiv2][query] POST https://www.googleapis.com/oauth2/v3/token [none]
[debug] [2024-11-14T00:52:08.729Z] >>> [apiv2][body] POST https://www.googleapis.com/oauth2/v3/token [omitted]
[debug] [2024-11-14T00:52:08.822Z] <<< [apiv2][status] POST https://www.googleapis.com/oauth2/v3/token 400
[debug] [2024-11-14T00:52:08.822Z] <<< [apiv2][body] POST https://www.googleapis.com/oauth2/v3/token [omitted]
[debug] [2024-11-14T00:52:08.823Z] Request to https://firebase.googleapis.com/v1beta1/projects/naman-portfolio had HTTP Error: 401, Request had invalid authentication credentials. Expected OAuth 2 access token, login cookie or other valid authentication credential. See https://developers.google.com/identity/sign-in/web/devconsole-project.
[debug] [2024-11-14T00:52:08.984Z] FirebaseError: Request to https://firebase.googleapis.com/v1beta1/projects/naman-portfolio had HTTP Error: 401, Request had invalid authentication credentials. Expected OAuth 2 access token, login cookie or other valid authentication credential. See https://developers.google.com/identity/sign-in/web/devconsole-project.
    at responseToError (C:\Users\NAMAN VIJAY\AppData\Roaming\npm\node_modules\firebase-tools\lib\responseToError.js:52:12)
    at RetryOperation._fn (C:\Users\NAMAN VIJAY\AppData\Roaming\npm\node_modules\firebase-tools\lib\apiv2.js:312:77)
    at process.processTicksAndRejections (node:internal/process/task_queues:105:5)
[error] 
[error] Error: Failed to get Firebase project naman-portfolio. Please make sure the project exists and your account has permission to access it.
